  Opponent.cpp
C:\Projects\Intake\surface.h(56,37): warning C4244: 'initializing': conversion from 'float' to 'unsigned int', possible loss of data
C:\Projects\Intake\surface.h(56,24): warning C4244: 'initializing': conversion from 'float' to 'const unsigned int', possible loss of data
C:\Projects\Intake\surface.h(57,37): warning C4244: 'initializing': conversion from 'float' to 'unsigned int', possible loss of data
C:\Projects\Intake\surface.h(57,24): warning C4244: 'initializing': conversion from 'float' to 'const unsigned int', possible loss of data
C:\Projects\Intake\surface.h(58,37): warning C4244: 'initializing': conversion from 'float' to 'unsigned int', possible loss of data
C:\Projects\Intake\surface.h(58,24): warning C4244: 'initializing': conversion from 'float' to 'const unsigned int', possible loss of data
C:\Projects\Intake\Opponent.cpp(41,11): warning C4244: 'initializing': conversion from 'float' to 'int', possible loss of data
C:\Projects\Intake\Opponent.cpp(42,11): warning C4244: 'initializing': conversion from 'float' to 'int', possible loss of data
C:\Projects\Intake\Opponent.cpp(55,29): warning C4244: 'initializing': conversion from 'float' to 'unsigned int', possible loss of data
C:\Projects\Intake\Opponent.cpp(173,24): warning C4018: '>=': signed/unsigned mismatch
C:\Projects\Intake\Opponent.cpp(184,59): warning C4018: '>': signed/unsigned mismatch
C:\Projects\Intake\Opponent.cpp(214,24): warning C4018: '>=': signed/unsigned mismatch
C:\Projects\Intake\Opponent.cpp(214,57): warning C4018: '>=': signed/unsigned mismatch
C:\Projects\Intake\Opponent.cpp(224,28): warning C4018: '<=': signed/unsigned mismatch
C:\Projects\Intake\Opponent.cpp(240,23): warning C4018: '>=': signed/unsigned mismatch
C:\Projects\Intake\Opponent.cpp(252,24): warning C4018: '<=': signed/unsigned mismatch
C:\Projects\Intake\Opponent.cpp(277,23): warning C4018: '<=': signed/unsigned mismatch
C:\Projects\Intake\Opponent.cpp(308,24): warning C4018: '>=': signed/unsigned mismatch
C:\Projects\Intake\Opponent.cpp(319,23): warning C4018: '>=': signed/unsigned mismatch
C:\Projects\Intake\Opponent.cpp(324,28): warning C4018: '<=': signed/unsigned mismatch
C:\Projects\Intake\Opponent.cpp(350,23): warning C4018: '>=': signed/unsigned mismatch
C:\Projects\Intake\Opponent.cpp(355,28): warning C4018: '<=': signed/unsigned mismatch
C:\Projects\Intake\Opponent.cpp(375,23): warning C4018: '<=': signed/unsigned mismatch
C:\Projects\Intake\Opponent.cpp(389,24): warning C4018: '<=': signed/unsigned mismatch
  tmpl_2019-08.vcxproj -> C:\Projects\Intake\Intake_x64_debug.exe
